* using log directory ‘/Users/nickgiangreco/GitHub/PDSdatabase/..Rcheck’
* using R version 4.2.2 (2022-10-31)
* using platform: x86_64-apple-darwin17.0 (64-bit)
* using session charset: UTF-8
* checking for file ‘./DESCRIPTION’ ... OK
* this is package ‘PDSdatabase’ version ‘0.1.0’
* package encoding: UTF-8
* checking package namespace information ... OK
* checking package dependencies ... OK
* checking if this is a source package ... OK
* checking if there is a namespace ... OK
* checking for executable files ... OK
* checking for hidden files and directories ... NOTE
Found the following hidden files and directories:
  .DS_Store
  .Rhistory
  .github/.gitignore
  .gitignore
  docs/.DS_Store
  docs/.nojekyll
  vignettes/.DS_Store
  ..Rcheck
  .Rproj.user
  .git
  .github
  vignettes/.ipynb_checkpoints
These were most likely included in error. See section ‘Package
structure’ in the ‘Writing R Extensions’ manual.
* checking for portable file names ... NOTE
Found the following non-portable file paths:
  PDSdatabase/.Rproj.user/shared/notebooks/10F0D09A-README/1/s/lib/bootstrap-3.3.5/css/bootstrap-theme.css
  PDSdatabase/.Rproj.user/shared/notebooks/10F0D09A-README/1/s/lib/bootstrap-3.3.5/css/bootstrap-theme.css.map
  PDSdatabase/.Rproj.user/shared/notebooks/10F0D09A-README/1/s/lib/bootstrap-3.3.5/css/bootstrap-theme.min.css
  PDSdatabase/.Rproj.user/shared/notebooks/10F0D09A-README/1/s/lib/bootstrap-3.3.5/css/bootstrap.css.map
  PDSdatabase/.Rproj.user/shared/notebooks/10F0D09A-README/1/s/lib/bootstrap-3.3.5/css/bootstrap.min.css
  PDSdatabase/.Rproj.user/shared/notebooks/10F0D09A-README/1/s/lib/bootstrap-3.3.5/css/cerulean.min.css
  PDSdatabase/.Rproj.user/shared/notebooks/10F0D09A-README/1/s/lib/bootstrap-3.3.5/css/fonts/LatoBold.ttf
  PDSdatabase/.Rproj.user/shared/notebooks/10F0D09A-README/1/s/lib/bootstrap-3.3.5/css/fonts/LatoItalic.ttf
  PDSdatabase/.Rproj.user/shared/notebooks/10F0D09A-README/1/s/lib/bootstrap-3.3.5/css/fonts/NewsCycle.ttf
  PDSdatabase/.Rproj.user/shared/notebooks/10F0D09A-README/1/s/lib/bootstrap-3.3.5/css/fonts/NewsCycleBold.ttf
  PDSdatabase/.Rproj.user/shared/notebooks/10F0D09A-README/1/s/lib/bootstrap-3.3.5/css/fonts/OpenSans.ttf
  PDSdatabase/.Rproj.user/shared/notebooks/10F0D09A-README/1/s/lib/bootstrap-3.3.5/css/fonts/OpenSansBold.ttf
  PDSdatabase/.Rproj.user/shared/notebooks/10F0D09A-README/1/s/lib/bootstrap-3.3.5/css/fonts/OpenSansBoldItalic.ttf
  PDSdatabase/.Rproj.user/shared/notebooks/10F0D09A-README/1/s/lib/bootstrap-3.3.5/css/fonts/OpenSansItalic.ttf
  PDSdatabase/.Rproj.user/shared/notebooks/10F0D09A-README/1/s/lib/bootstrap-3.3.5/css/fonts/OpenSansLight.ttf
  PDSdatabase/.Rproj.user/shared/notebooks/10F0D09A-README/1/s/lib/bootstrap-3.3.5/css/fonts/OpenSansLightItalic.ttf
  PDSdatabase/.Rproj.user/shared/notebooks/10F0D09A-README/1/s/lib/bootstrap-3.3.5/css/fonts/Raleway.ttf
  PDSdatabase/.Rproj.user/shared/notebooks/10F0D09A-README/1/s/lib/bootstrap-3.3.5/css/fonts/RalewayBold.ttf
  PDSdatabase/.Rproj.user/shared/notebooks/10F0D09A-README/1/s/lib/bootstrap-3.3.5/css/fonts/Roboto.ttf
  PDSdatabase/.Rproj.user/shared/notebooks/10F0D09A-README/1/s/lib/bootstrap-3.3.5/css/fonts/RobotoBold.ttf
  PDSdatabase/.Rproj.user/shared/notebooks/10F0D09A-README/1/s/lib/bootstrap-3.3.5/css/fonts/RobotoLight.ttf
  PDSdatabase/.Rproj.user/shared/notebooks/10F0D09A-README/1/s/lib/bootstrap-3.3.5/css/fonts/RobotoMedium.ttf
  PDSdatabase/.Rproj.user/shared/notebooks/10F0D09A-README/1/s/lib/bootstrap-3.3.5/css/fonts/SourceSansPro.ttf
  PDSdatabase/.Rproj.user/shared/notebooks/10F0D09A-README/1/s/lib/bootstrap-3.3.5/css/fonts/SourceSansProBold.ttf
  PDSdatabase/.Rproj.user/shared/notebooks/10F0D09A-README/1/s/lib/bootstrap-3.3.5/css/fonts/SourceSansProItalic.ttf
  PDSdatabase/.Rproj.user/shared/notebooks/10F0D09A-README/1/s/lib/bootstrap-3.3.5/css/fonts/SourceSansProLight.ttf
  PDSdatabase/.Rproj.user/shared/notebooks/10F0D09A-README/1/s/lib/bootstrap-3.3.5/css/fonts/Ubuntu.ttf
  PDSdatabase/.Rproj.user/shared/notebooks/10F0D09A-README/1/s/lib/bootstrap-3.3.5/css/readable.min.css
  PDSdatabase/.Rproj.user/shared/notebooks/10F0D09A-README/1/s/lib/bootstrap-3.3.5/css/sandstone.min.css
  PDSdatabase/.Rproj.user/shared/notebooks/10F0D09A-README/1/s/lib/bootstrap-3.3.5/css/spacelab.min.css
  PDSdatabase/.Rproj.user/shared/notebooks/10F0D09A-README/1/s/lib/bootstrap-3.3.5/fonts/glyphicons-halflings-regular.eot
  PDSdatabase/.Rproj.user/shared/notebooks/10F0D09A-README/1/s/lib/bootstrap-3.3.5/fonts/glyphicons-halflings-regular.svg
  PDSdatabase/.Rproj.user/shared/notebooks/10F0D09A-README/1/s/lib/bootstrap-3.3.5/fonts/glyphicons-halflings-regular.ttf
  PDSdatabase/.Rproj.user/shared/notebooks/10F0D09A-README/1/s/lib/bootstrap-3.3.5/fonts/glyphicons-halflings-regular.woff
  PDSdatabase/.Rproj.user/shared/notebooks/10F0D09A-README/1/s/lib/bootstrap-3.3.5/fonts/glyphicons-halflings-regular.woff2
  PDSdatabase/.Rproj.user/shared/notebooks/10F0D09A-README/1/s/lib/bootstrap-3.3.5/shim/html5shiv.min.js
  PDSdatabase/.Rproj.user/shared/notebooks/84084E2A-drugs_and_classes/1/s/c5pqq85bajk3h/000010.metadata
  PDSdatabase/.Rproj.user/shared/notebooks/84084E2A-drugs_and_classes/1/s/c5t0vww9f1eck/000010.metadata
  PDSdatabase/.Rproj.user/shared/notebooks/84084E2A-drugs_and_classes/1/s/c6mrmp0pmtzvz/000019.metadata
  PDSdatabase/.Rproj.user/shared/notebooks/84084E2A-drugs_and_classes/1/s/c6mrmp0pmtzvz/000019.snapshot
  PDSdatabase/.Rproj.user/shared/notebooks/84084E2A-drugs_and_classes/1/s/c8j8mxlkwhbav/000010.metadata
  PDSdatabase/.Rproj.user/shared/notebooks/84084E2A-drugs_and_classes/1/s/c908a1suxtbi9/000010.metadata
  PDSdatabase/.Rproj.user/shared/notebooks/84084E2A-drugs_and_classes/1/s/cdrx40rxalow8/000010.metadata
  PDSdatabase/.Rproj.user/shared/notebooks/84084E2A-drugs_and_classes/1/s/ce6p9al6bt32u/000026.metadata
  PDSdatabase/.Rproj.user/shared/notebooks/84084E2A-drugs_and_classes/1/s/ce6p9al6bt32u/000026.snapshot
  PDSdatabase/.Rproj.user/shared/notebooks/84084E2A-drugs_and_classes/1/s/cgp51l55kbfus/000010.metadata
  PDSdatabase/.Rproj.user/shared/notebooks/84084E2A-drugs_and_classes/1/s/ci13zoi2znggd/000010.metadata
  PDSdatabase/.Rproj.user/shared/notebooks/84084E2A-drugs_and_classes/1/s/cn31doc754zqq/000010.metadata
  PDSdatabase/.Rproj.user/shared/notebooks/84084E2A-drugs_and_classes/1/s/cq4wpmu2ylkmt/000010.metadata
  PDSdatabase/.Rproj.user/shared/notebooks/84084E2A-drugs_and_classes/1/s/cq4wpmu2ylkmt/000010.snapshot
  PDSdatabase/.Rproj.user/shared/notebooks/84084E2A-drugs_and_classes/1/s/crxd3gmq46sw5/000010.metadata
  PDSdatabase/.Rproj.user/shared/notebooks/84084E2A-drugs_and_classes/1/s/cs9lr177gl68k/000010.metadata
  PDSdatabase/.Rproj.user/shared/notebooks/84084E2A-drugs_and_classes/1/s/cs9lr177gl68k/000010.snapshot
  PDSdatabase/.Rproj.user/shared/notebooks/84084E2A-drugs_and_classes/1/s/cvhsbr08h8jd9/000010.metadata
  PDSdatabase/.Rproj.user/shared/notebooks/84084E2A-drugs_and_classes/1/s/cw3jtb3x4669d/000010.metadata
  PDSdatabase/.Rproj.user/shared/notebooks/84084E2A-drugs_and_classes/1/s/cylpgj4p0mn6j/000010.metadata
  PDSdatabase/.Rproj.user/shared/notebooks/84084E2A-drugs_and_classes/1/s/cz2x7483v6vkf/000010.metadata
  PDSdatabase/.Rproj.user/shared/notebooks/84084E2A-drugs_and_classes/1/s/czm8jhvpe3n30/000010.metadata

Tarballs are only required to store paths of up to 100 bytes and cannot
store those of more than 256 bytes, with restrictions including to 100
bytes for the final component.
See section ‘Package structure’ in the ‘Writing R Extensions’ manual.
* checking for sufficient/correct file permissions ... OK
* checking whether package ‘PDSdatabase’ can be installed ... OK
* checking installed package size ... OK
* checking package directory ... OK
* checking DESCRIPTION meta-information ... NOTE
Checking should be performed on sources prepared by ‘R CMD build’.
* checking top-level files ... OK
* checking for left-over files ... OK
* checking index information ... OK
* checking package subdirectories ... WARNING
Found the following directory with the name of a check directory:
  ./..Rcheck
Most likely, these were included erroneously.
* checking R files for non-ASCII characters ... OK
* checking R files for syntax errors ... OK
* checking whether the package can be loaded ... OK
* checking whether the package can be loaded with stated dependencies ... OK
* checking whether the package can be unloaded cleanly ... OK
* checking whether the namespace can be loaded with stated dependencies ... OK
* checking whether the namespace can be unloaded cleanly ... OK
* checking dependencies in R code ... OK
* checking S3 generic/method consistency ... OK
* checking replacement functions ... OK
* checking foreign function calls ... OK
* checking R code for possible problems ... OK
* checking Rd files ... OK
* checking Rd metadata ... OK
* checking Rd cross-references ... OK
* checking for missing documentation entries ... OK
* checking for code/documentation mismatches ... OK
* checking Rd \usage sections ... OK
* checking Rd contents ... OK
* checking for unstated dependencies in examples ... OK
* checking files in ‘vignettes’ ... WARNING
Files in the 'vignettes' directory but no files in 'inst/doc':
  ‘Getting_Started.ipynb’, ‘drugs_and_classes.Rmd’,
    ‘effect_peds_19q2_v0.3_20211119.sqlite’, ‘events_and_classes.Rmd’,
    ‘getting_started.Rmd’, ‘top_ade_model.Rmd’
* checking examples ... NONE
* checking for unstated dependencies in vignettes ... OK
* checking package vignettes in ‘inst/doc’ ... WARNING
Directory 'inst/doc' does not exist.
Package vignettes without corresponding single PDF/HTML:
   ‘drugs_and_classes.Rmd’
   ‘events_and_classes.Rmd’
   ‘getting_started.Rmd’
   ‘top_ade_model.Rmd’

* checking running R code from vignettes ... NONE
  ‘drugs_and_classes.Rmd’ using ‘UTF-8’... OK
  ‘events_and_classes.Rmd’ using ‘UTF-8’... OK
  ‘getting_started.Rmd’ using ‘UTF-8’... OK
  ‘top_ade_model.Rmd’ using ‘UTF-8’... OK
* checking re-building of vignette outputs ... OK
* checking PDF version of manual ... OK
* DONE
Status: 3 WARNINGs, 3 NOTEs
